Log file open, 09/20/17 12:25:22
LogInit:Display: Running engine for game: House_Attack
LogPlatformFile: Not using cached read wrapper
LogInit:Display: RandInit(1933317427) SRandInit(1933317427).
LogTaskGraph: Started task graph with 5 named threads and 8 total threads with 1 sets of task threads.
LogStats: Stats thread started at 0.086178
LogInit: Using libcurl 7.47.1
LogInit:  - built for x86_64-pc-win32
LogInit:  - supports SSL with OpenSSL/1.0.2g
LogInit:  - supports HTTP deflate (compression) using libz 1.2.8
LogInit:  - other features:
LogInit:      CURL_VERSION_SSL
LogInit:      CURL_VERSION_LIBZ
LogInit:      CURL_VERSION_IPV6
LogInit:      CURL_VERSION_ASYNCHDNS
LogInit:      CURL_VERSION_LARGEFILE
LogInit:      CURL_VERSION_IDN
LogInit:  CurlRequestOptions (configurable via config and command line):
LogInit:  - bVerifyPeer = false  - Libcurl will NOT verify peer certificate
LogInit:  - bUseHttpProxy = false  - Libcurl will NOT use HTTP proxy
LogInit:  - bDontReuseConnections = false  - Libcurl will reuse connections
LogInit:  - CertBundlePath = nullptr  - Libcurl will use whatever was configured at build time.
LogInit: Build: ++UE4+Release-4.16-CL-3466753
LogInit: Engine Version: 4.16.1-3466753+++UE4+Release-4.16
LogInit: Compatible Engine Version: 4.16.0-3452394+++UE4+Release-4.16
LogInit: Net CL: 3452394
LogDevObjectVersion: Number of dev versions registered: 16
LogDevObjectVersion:   Dev-Blueprints (B0D832E4-1F89-4F0D-ACCF-7EB736FD4AA2): 9
LogDevObjectVersion:   Dev-Build (E1C64328-A22C-4D53-A36C-8E866417BD8C): 0
LogDevObjectVersion:   Dev-Core (375EC13C-06E4-48FB-B500-84F0262A717E): 2
LogDevObjectVersion:   Dev-Editor (E4B068ED-F494-42E9-A231-DA0B2E46BB41): 17
LogDevObjectVersion:   Dev-Framework (CFFC743F-43B0-4480-9391-14DF171D2073): 23
LogDevObjectVersion:   Dev-Mobile (B02B49B5-BB20-44E9-A304-32B752E40360): 0
LogDevObjectVersion:   Dev-Networking (A4E4105C-59A1-49B5-A7C5-40C4547EDFEE): 0
LogDevObjectVersion:   Dev-Online (39C831C9-5AE6-47DC-9A44-9C173E1C8E7C): 0
LogDevObjectVersion:   Dev-Physics (78F01B33-EBEA-4F98-B9B4-84EACCB95AA2): 0
LogDevObjectVersion:   Dev-Platform (6631380F-2D4D-43E0-8009-CF276956A95A): 0
LogDevObjectVersion:   Dev-Rendering (12F88B9F-8875-4AFC-A67C-D90C383ABD29): 15
LogDevObjectVersion:   Dev-Sequencer (7B5AE74C-D270-4C10-A958-57980B212A5A): 4
LogDevObjectVersion:   Dev-VR (D7296918-1DD6-4BDD-9DE2-64A83CC13884): 0
LogDevObjectVersion:   Dev-LoadTimes (C2A15278-BFE7-4AFE-6C17-90FF531DF755): 1
LogDevObjectVersion:   Private-Geometry (6EACA3D4-40EC-4CC1-B786-8BED09428FC5): 1
LogDevObjectVersion:   Dev-AnimPhys (29E575DD-E0A3-4627-9D10-D276232CDCEA): 3
LogInit: Compiled (64-bit): May 31 2017 02:03:30
LogInit: Compiled with Visual C++: 19.00.24215.01
LogInit: Build Configuration: Development
LogInit: Branch Name: ++UE4+Release-4.16
LogInit: Command line: -EpicPortal 
LogInit: Base directory: C:/Program Files/Epic Games/UE_4.16/Engine/Binaries/Win64/
LogInit: Installed Engine Build: 1
LogInit: Presizing for max 8388607 objects, including 0 objects not considered by GC, pre-allocating 0 bytes for permanent pool.
LogInit: Object subsystem initialized
[2017.09.20-11.25.23:311][  0]LogInit: Selected Device Profile: [Windows]
[2017.09.20-11.25.23:311][  0]LogInit: Applying CVar settings loaded from the selected device profile: [Windows]
[2017.09.20-11.25.23:346][  0]LogInit: Computer: AMTX205-05
[2017.09.20-11.25.23:346][  0]LogInit: User: swd1amt
[2017.09.20-11.25.23:346][  0]LogInit: CPU Page size=4096, Cores=4
[2017.09.20-11.25.23:346][  0]LogInit: High frequency timer resolution =3.328126 MHz
[2017.09.20-11.25.23:346][  0]LogMemory: Memory total: Physical=15.9GB (16GB approx)
[2017.09.20-11.25.23:346][  0]LogMemory: Platform Memory Stats for Windows
[2017.09.20-11.25.23:346][  0]LogMemory: Process Physical Memory: 273.51 MB used, 273.51 MB peak
[2017.09.20-11.25.23:346][  0]LogMemory: Process Virtual Memory: 260.85 MB used, 260.85 MB peak
[2017.09.20-11.25.23:346][  0]LogMemory: Physical Memory: 6460.07 MB used,  9778.77 MB free, 16238.84 MB total
[2017.09.20-11.25.23:347][  0]LogMemory: Virtual Memory: 638.44 MB used,  9778.77 MB free, 134217728.00 MB total
[2017.09.20-11.25.23:450][  0]LogInit: Using OS detected language (en-GB).
[2017.09.20-11.25.23:450][  0]LogInit: Using OS detected locale (en-GB).
[2017.09.20-11.25.23:452][  0]LogTextLocalizationManager: No specific localization for 'en-GB' exists, so the 'en' localization will be used.
[2017.09.20-11.25.24:230][  0]LogD3D11RHI: D3D11 adapters:
[2017.09.20-11.25.24:275][  0]LogD3D11RHI:    0. 'NVIDIA GeForce GTX 1070' (Feature Level 11_0)
[2017.09.20-11.25.24:275][  0]LogD3D11RHI:       8085/0/8119 MB DedicatedVideo/DedicatedSystem/SharedSystem, Outputs:1, VendorId:0x10de
[2017.09.20-11.25.24:281][  0]LogD3D11RHI:    1. 'Intel(R) HD Graphics 530' (Feature Level 11_0)
[2017.09.20-11.25.24:281][  0]LogD3D11RHI:       128/0/8119 MB DedicatedVideo/DedicatedSystem/SharedSystem, Outputs:0, VendorId:0x8086
[2017.09.20-11.25.24:281][  0]LogD3D11RHI:    2. 'Microsoft Basic Render Driver' (Feature Level 11_0)
[2017.09.20-11.25.24:281][  0]LogD3D11RHI:       0/0/8119 MB DedicatedVideo/DedicatedSystem/SharedSystem, Outputs:0, VendorId:0x1414
[2017.09.20-11.25.24:281][  0]LogD3D11RHI: Chosen D3D11 Adapter: 0
[2017.09.20-11.25.24:286][  0]LogD3D11RHI: Creating new Direct3DDevice
[2017.09.20-11.25.24:286][  0]LogD3D11RHI:     GPU DeviceId: 0x1b81 (for the marketing name, search the web for "GPU Device Id")
[2017.09.20-11.25.24:286][  0]LogWindows: EnumDisplayDevices:
[2017.09.20-11.25.24:286][  0]LogWindows:    0. 'NVIDIA GeForce GTX 1070' (P:1 D:1)
[2017.09.20-11.25.24:287][  0]LogWindows:    1. 'NVIDIA GeForce GTX 1070' (P:0 D:0)
[2017.09.20-11.25.24:287][  0]LogWindows:    2. 'NVIDIA GeForce GTX 1070' (P:0 D:0)
[2017.09.20-11.25.24:287][  0]LogWindows:    3. 'NVIDIA GeForce GTX 1070' (P:0 D:0)
[2017.09.20-11.25.24:287][  0]LogWindows:    4. 'Intel(R) HD Graphics 530' (P:0 D:0)
[2017.09.20-11.25.24:287][  0]LogWindows:    5. 'Intel(R) HD Graphics 530' (P:0 D:0)
[2017.09.20-11.25.24:287][  0]LogWindows:    6. 'Intel(R) HD Graphics 530' (P:0 D:0)
[2017.09.20-11.25.24:287][  0]LogWindows: DebugString: PrimaryIsNotTheChoosenAdapter PrimaryIsNotTheChoosenAdapter PrimaryIsNotTheChoosenAdapter FoundDriverCount:4 
[2017.09.20-11.25.24:287][  0]LogD3D11RHI:     Adapter Name: NVIDIA GeForce GTX 1070
[2017.09.20-11.25.24:287][  0]LogD3D11RHI:   Driver Version: 384.94 (internal:22.21.13.8494, unified:384.94)
[2017.09.20-11.25.24:287][  0]LogD3D11RHI:      Driver Date: 7-18-2017
[2017.09.20-11.25.24:287][  0]LogRHI: Texture pool is 1361 MB (70% of 1945 MB)
[2017.09.20-11.25.24:315][  0]LogD3D11RHI: Async texture creation enabled
[2017.09.20-11.25.24:324][  0]LogD3D11RHI: GPU Timing Frequency: 1000.000000 (Debug: 2 1)
[2017.09.20-11.25.24:325][  0]LogShaderCompilers: Guid format shader working directory is -13 characters bigger than the processId version (../../../../../../Temp/GitHub/House-Attack-Thing/House_Attack/Intermediate/Shaders/WorkingDirectory/2300/).
[2017.09.20-11.25.24:325][  0]LogShaderCompilers: Cleaned the shader compiler working directory 'C:/Users/swd1amt/AppData/Local/Temp/UnrealShaderWorkingDir/FBDECEB743BB9969E89048BFE69B2CD3/'.
[2017.09.20-11.25.24:325][  0]LogShaderCompilers:Display: Using Local Shader Compiler.
[2017.09.20-11.25.25:206][  0]LogTemp:Display: Loaded TP AllDesktopTargetPlatform
[2017.09.20-11.25.25:247][  0]LogTemp:Display: Loaded TP MacClientTargetPlatform
[2017.09.20-11.25.25:284][  0]LogTemp:Display: Loaded TP MacNoEditorTargetPlatform
[2017.09.20-11.25.25:323][  0]LogTemp:Display: Loaded TP MacServerTargetPlatform
[2017.09.20-11.25.25:361][  0]LogTemp:Display: Loaded TP MacTargetPlatform
[2017.09.20-11.25.25:399][  0]LogTemp:Display: Loaded TP WindowsClientTargetPlatform
[2017.09.20-11.25.25:456][  0]LogTemp:Display: Loaded TP WindowsNoEditorTargetPlatform
[2017.09.20-11.25.25:494][  0]LogTemp:Display: Loaded TP WindowsServerTargetPlatform
[2017.09.20-11.25.25:547][  0]LogTemp:Display: Loaded TP WindowsTargetPlatform
[2017.09.20-11.25.25:587][  0]LogTemp:Display: Loaded TP AndroidTargetPlatform
[2017.09.20-11.25.25:629][  0]LogTemp:Display: Loaded TP Android_ASTCTargetPlatform
[2017.09.20-11.25.25:667][  0]LogTemp:Display: Loaded TP Android_ATCTargetPlatform
[2017.09.20-11.25.25:712][  0]LogTemp:Display: Loaded TP Android_DXTTargetPlatform
[2017.09.20-11.25.25:756][  0]LogTemp:Display: Loaded TP Android_ETC1TargetPlatform
[2017.09.20-11.25.25:793][  0]LogTemp:Display: Loaded TP Android_ETC2TargetPlatform
[2017.09.20-11.25.25:867][  0]LogTemp:Display: Loaded TP Android_MultiTargetPlatform
[2017.09.20-11.25.25:867][  0]LogTemp:Display: Loaded TP Android_PVRTCTargetPlatform
[2017.09.20-11.25.25:896][  0]LogTemp:Display: Loaded TP HTML5TargetPlatform
[2017.09.20-11.25.25:975][  0]LogTemp:Display: Loaded TP IOSTargetPlatform
[2017.09.20-11.25.25:999][  0]LogTemp:Display: Loaded TP TVOSTargetPlatform
[2017.09.20-11.25.26:036][  0]LogTemp:Display: Loaded TP LinuxClientTargetPlatform
[2017.09.20-11.25.26:074][  0]LogTemp:Display: Loaded TP LinuxNoEditorTargetPlatform
[2017.09.20-11.25.26:111][  0]LogTemp:Display: Loaded TP LinuxServerTargetPlatform
[2017.09.20-11.25.26:149][  0]LogTemp:Display: Loaded TP LinuxTargetPlatform
[2017.09.20-11.25.26:149][  0]LogTargetPlatformManager:Display: Building Assets For Windows
[2017.09.20-11.25.26:519][  0]LogDerivedDataCache:Display: Max Cache Size: 512 MB
[2017.09.20-11.25.26:629][  0]LogDerivedDataCache: Loaded boot cache 0.11s 90MB C:/Users/swd1amt/AppData/Local/UnrealEngine/4.16/DerivedDataCache/Boot.ddc.
[2017.09.20-11.25.26:629][  0]LogDerivedDataCache:Display: Loaded Boot cache: C:/Users/swd1amt/AppData/Local/UnrealEngine/4.16/DerivedDataCache/Boot.ddc
[2017.09.20-11.25.26:629][  0]LogDerivedDataCache: FDerivedDataBackendGraph:  Pak pak cache file ../../../../../../Temp/GitHub/House-Attack-Thing/House_Attack/DerivedDataCache/DDC.ddp not found, will not use a pak cache.
[2017.09.20-11.25.26:629][  0]LogDerivedDataCache: Unable to find inner node Pak for hierarchical cache Hierarchy.
[2017.09.20-11.25.26:629][  0]LogDerivedDataCache: FDerivedDataBackendGraph:  CompressedPak pak cache file ../../../../../../Temp/GitHub/House-Attack-Thing/House_Attack/DerivedDataCache/Compressed.ddp not found, will not use a pak cache.
[2017.09.20-11.25.26:629][  0]LogDerivedDataCache: Unable to find inner node CompressedPak for hierarchical cache Hierarchy.
[2017.09.20-11.25.26:649][  0]LogDerivedDataCache:Display: Pak cache opened for reading ../../../Engine/DerivedDataCache/Compressed.ddp.
[2017.09.20-11.25.26:661][  0]LogDerivedDataCache: Using Local data cache path C:/Users/swd1amt/AppData/Local/UnrealEngine/Common/DerivedDataCache: Writable
[2017.09.20-11.25.26:669][  0]LogMaterial: Verifying Global Shaders for PCD3D_SM5
[2017.09.20-11.25.26:669][  0]LogSlate: Using Freetype 2.6.0
[2017.09.20-11.25.26:670][  0]LogSlate: SlateFontCache - WITH_FREETYPE: 1, WITH_HARFBUZZ: 1
[2017.09.20-11.25.26:670][  0]LogSlate: SlateFontCache - WITH_FREETYPE: 1, WITH_HARFBUZZ: 1
[2017.09.20-11.25.26:923][  0]LogInit: Selected Device Profile: [Windows]
[2017.09.20-11.25.26:988][  0]LogContentStreaming: Texture pool size is 0.00 MB
[2017.09.20-11.25.27:110][  0]LogMeshUtilities: Using QuadricMeshReduction for automatic static mesh reduction
[2017.09.20-11.25.27:143][  0]LogSimplygon: Simplygon DLL not present - disabling.
[2017.09.20-11.25.27:177][  0]LogMeshUtilities: Using SimplygonSwarm for distributed automatic mesh merging
[2017.09.20-11.25.27:177][  0]LogMeshUtilities: No automatic skeletal mesh reduction module available
[2017.09.20-11.25.27:177][  0]LogMeshUtilities: No automatic mesh merging module available
[2017.09.20-11.25.27:617][  0]LogNetVersion: House_Attack , NetCL: 3452394, EngineNetVer: 2, GameNetVer: 0 (Checksum: 1301838586)
[2017.09.20-11.25.27:673][  0]LogAssetRegistry: FAssetRegistry took 0.0271 seconds to start up
[2017.09.20-11.25.27:718][  0]LogPackageLocalizationCache: Processed 4 localized package path(s) for 2 prioritized culture(s) in 0.027792 seconds
[2017.09.20-11.25.27:722][  0]LogUObjectArray: 34194 objects as part of root set at end of initial load.
[2017.09.20-11.25.27:722][  0]LogUObjectAllocator: 7260424 out of 0 bytes used by permanent object pool.
[2017.09.20-11.25.27:722][  0]LogUObjectArray: CloseDisregardForGC: 0/0 objects in disregard for GC pool
[2017.09.20-11.25.27:770][  0]LogInit: WinSock: version 1.1 (2.2), MaxSocks=32767, MaxUdp=65467
[2017.09.20-11.25.29:980][  0]LogTcpMessaging: Initializing TcpMessaging bridge
[2017.09.20-11.25.30:015][  0]LogUdpMessaging: Initializing bridge on interface 0.0.0.0:0 to multicast group 230.0.0.1:6666.
[2017.09.20-11.25.30:546][  0]LogMaterial: Uniform references updated for custom material expression Custom.
[2017.09.20-11.25.30:879][  0]SourceControl: Info Source control is disabled
[2017.09.20-11.25.30:881][  0]SourceControl: Info Source control is disabled
[2017.09.20-11.25.30:918][  0]SourceControl: Info Source control is disabled
[2017.09.20-11.25.30:952][  0]SourceControl: Info Source control is disabled
[2017.09.20-11.25.31:443][  0]LogAndroidPermission: UAndroidPermissionCallbackProxy::GetInstance
[2017.09.20-11.25.31:910][  0]LogEngine: Initializing Engine...
[2017.09.20-11.25.31:910][  0]LogHMD: Failed to initialize OpenVR with code 110
[2017.09.20-11.25.32:082][  0]LogStats: UGameplayTagsManager::ConstructGameplayTagTree: Construct from data asset -  0.000 s
[2017.09.20-11.25.32:082][  0]LogStats: UGameplayTagsManager::ConstructGameplayTagTree: GameplayTagTreeChangedEvent.Broadcast -  0.000 s
[2017.09.20-11.25.32:177][  0]LogAIModule: Creating AISystem for world Untitled
[2017.09.20-11.25.32:186][  0]LogInit: XAudio2 using 'Speakers (Realtek High Definition Audio)' : 2 channels at 48 kHz using 32 bits per sample (channel mask 0x3)
[2017.09.20-11.25.32:215][  0]LogInit: FAudioDevice initialized.
[2017.09.20-11.25.32:261][  0]LogDerivedDataCache: Saved boot cache 0.05s 90MB C:/Users/swd1amt/AppData/Local/UnrealEngine/4.16/DerivedDataCache/Boot.ddc.
[2017.09.20-11.25.32:274][  0]LogInit: Texture streaming: Enabled
[2017.09.20-11.25.32:347][  0]LogEngineSessionManager: EngineSessionManager initialized
[2017.09.20-11.25.32:529][  0]LogInit: Transaction tracking system initialized
[2017.09.20-11.25.32:812][  0]BlueprintLog: New page: Editor Load
[2017.09.20-11.25.33:516][  0]LocalizationService: Info Localization service is disabled
[2017.09.20-11.25.34:028][  0]LogConsoleResponse:Display: 
[2017.09.20-11.25.34:148][  0]LogCook:Display: Max memory allowance for cook 16384mb min free memory 0mb
[2017.09.20-11.25.34:148][  0]LogCook:Display: Mobile HDR setting 1
[2017.09.20-11.25.34:548][  0]LogFileCache: Scanning file cache for directory 'C:/Temp/GitHub/House-Attack-Thing/House_Attack/Content/' took 0.01s
[2017.09.20-11.25.34:929][  0]SourceControl: Info Source control is disabled
[2017.09.20-11.25.34:929][  0]Cmd: MAP LOAD FILE="../../../../../../Temp/GitHub/House-Attack-Thing/House_Attack/Content/2DSideScrollerBP/Maps/2DSideScrollerExampleMap.umap" TEMPLATE=0 SHOWPROGRESS=1 FEATURELEVEL=3
[2017.09.20-11.25.34:929][  0]LightingResults: New page: Lighting Build
[2017.09.20-11.25.34:980][  0]MapCheck: New page: Map Check
[2017.09.20-11.25.34:980][  0]LightingResults: New page: Lighting Build
[2017.09.20-11.25.35:068][  0]LogLinker:Warning: Can't find file '/Game/2DSideScrollerBP/Maps/2DSideScrollerExampleMap_BuiltData'
[2017.09.20-11.25.35:068][  0]LogLinker:Warning: Can't find file for asset '/Game/2DSideScrollerBP/Maps/2DSideScrollerExampleMap_BuiltData' while loading ../../../../../../Temp/GitHub/House-Attack-Thing/House_Attack/Content/2DSideScrollerBP/Maps/2DSideScrollerExampleMap.umap.
[2017.09.20-11.25.35:068][  0]LoadErrors:Error: Error /Game/2DSideScrollerBP/Maps/2DSideScrollerExampleMap : Can't find file for asset. /Game/2DSideScrollerBP/Maps/2DSideScrollerExampleMap_BuiltData
[2017.09.20-11.25.35:073][  0]LogLinker:Warning: Can't find file '/Game/2DSideScrollerBP/Maps/2DSideScrollerExampleMap_BuiltData'
[2017.09.20-11.25.35:073][  0]LogLinker:Warning: Can't find file for asset '/Game/2DSideScrollerBP/Maps/2DSideScrollerExampleMap_BuiltData' while loading ../../../../../../Temp/GitHub/House-Attack-Thing/House_Attack/Content/2DSideScrollerBP/Maps/2DSideScrollerExampleMap.umap.
[2017.09.20-11.25.35:073][  0]LoadErrors:Error: Error /Game/2DSideScrollerBP/Maps/2DSideScrollerExampleMap : Can't find file for asset. /Game/2DSideScrollerBP/Maps/2DSideScrollerExampleMap_BuiltData
[2017.09.20-11.25.35:074][  0]LogLinker:Warning: Can't find file '/Game/2DSideScrollerBP/Maps/2DSideScrollerExampleMap_BuiltData'
[2017.09.20-11.25.35:074][  0]LogLinker:Warning: Can't find file for asset '/Game/2DSideScrollerBP/Maps/2DSideScrollerExampleMap_BuiltData' while loading NULL.
[2017.09.20-11.25.35:074][  0]LogLinker:Warning: Can't find file '/Game/2DSideScrollerBP/Maps/2DSideScrollerExampleMap_BuiltData'
[2017.09.20-11.25.35:074][  0]LogLinker:Warning: Can't find file for asset '/Game/2DSideScrollerBP/Maps/2DSideScrollerExampleMap_BuiltData' while loading NULL.
[2017.09.20-11.25.35:077][  0]LogLinker:Warning: Can't find file '/Game/2DSideScrollerBP/Maps/2DSideScrollerExampleMap_BuiltData'
[2017.09.20-11.25.35:077][  0]LoadErrors: Info Failed to load /Game/2DSideScrollerBP/Maps/2DSideScrollerExampleMap_BuiltData.2DSideScrollerExampleMap_BuiltData Referenced by PersistentLevel
[2017.09.20-11.25.35:077][  0]LogLinker:Warning: Can't find file for asset '/Game/2DSideScrollerBP/Maps/2DSideScrollerExampleMap_BuiltData' while loading NULL.
[2017.09.20-11.25.35:077][  0]LoadErrors: Info Failed to load /Game/2DSideScrollerBP/Maps/2DSideScrollerExampleMap_BuiltData.2DSideScrollerExampleMap_BuiltData Referenced by PersistentLevel
[2017.09.20-11.25.35:129][  0]LogAIModule: Creating AISystem for world 2DSideScrollerExampleMap
[2017.09.20-11.25.35:133][  0]LogEditorServer: Finished looking for orphan Actors (0.000 secs)
[2017.09.20-11.25.35:146][  0]Cmd: MAP CHECKDEP NOCLEARLOG
[2017.09.20-11.25.35:181][  0]MapCheck: Info Map check complete: 0 Error(s), 0 Warning(s), took 35.74ms to complete.
[2017.09.20-11.25.35:181][  0]LogFileHelpers: Loading map '2DSideScrollerExampleMap' took 0.253
[2017.09.20-11.25.35:295][  0]LogCollectionManager: Loaded 0 collections in 0.001119 seconds
[2017.09.20-11.25.35:376][  0]LogFileCache: Scanning file cache for directory 'C:/Temp/GitHub/House-Attack-Thing/House_Attack/Saved/Collections/' took 0.01s
[2017.09.20-11.25.35:376][  0]LogFileCache: Scanning file cache for directory 'C:/Temp/GitHub/House-Attack-Thing/House_Attack/Content/Developers/swd1amt/Collections/' took 0.01s
[2017.09.20-11.25.35:376][  0]LogFileCache: Scanning file cache for directory 'C:/Temp/GitHub/House-Attack-Thing/House_Attack/Content/Collections/' took 0.01s
[2017.09.20-11.25.35:376][  0]LogCollectionManager: Rebuilt the GUID cache for 0 collections in 0.000001 seconds
[2017.09.20-11.25.35:384][  0]LogContentBrowser: Native class hierarchy populated in 0.0075 seconds. Added 2329 classes and 491 folders.
[2017.09.20-11.25.35:433][  0]LogContentBrowser: Native class hierarchy updated for 'WidgetCarousel' in 0.0005 seconds. Added 0 classes and 0 folders.
[2017.09.20-11.25.35:459][  0]LogContentBrowser: Native class hierarchy updated for 'AddContentDialog' in 0.0004 seconds. Added 0 classes and 0 folders.
[2017.09.20-11.25.35:491][  0]LogContentBrowser: Native class hierarchy updated for 'SceneOutliner' in 0.0004 seconds. Added 1 classes and 2 folders.
[2017.09.20-11.25.35:523][  0]LogCrashTracker: Crashtracker disabled due to settings.
[2017.09.20-11.25.35:527][  0]LogSlate: Took 0.000163 seconds to synchronously load lazily loaded font '../../../Engine/Content/Slate/Fonts/Roboto-Regular.ttf' (155K)
[2017.09.20-11.25.35:529][  0]LogSlate: Took 0.000132 seconds to synchronously load lazily loaded font '../../../Engine/Content/Slate/Fonts/Roboto-Bold.ttf' (160K)
[2017.09.20-11.25.35:534][  0]LogSlate: Took 0.000179 seconds to synchronously load lazily loaded font '../../../Engine/Content/Editor/Slate/Fonts/FontAwesome.ttf' (139K)
[2017.09.20-11.25.35:632][  0]LogRenderer: Reallocating scene render targets to support 1208x576 NumSamples 1 (Frame:1).
[2017.09.20-11.25.35:818][  0]LogContentBrowser: Native class hierarchy updated for 'HierarchicalLODOutliner' in 0.0008 seconds. Added 1 classes and 2 folders.
[2017.09.20-11.25.35:818][  0]LogLoad: (Engine Initialization) Total time: 13.80 seconds
[2017.09.20-11.25.35:818][  0]LogLoad: (Engine Initialization) Total Blueprint compile time: 0.05 seconds
[2017.09.20-11.25.35:818][  0]LogExternalProfiler: Found external profiler: VSPerf
[2017.09.20-11.25.35:818][  0]LogExternalProfiler: Using external profiler: VSPerf
[2017.09.20-11.25.35:830][  0]LogWindowsTextInputMethodSystem:Display: IME system now deactivated.
[2017.09.20-11.25.35:831][  0]LogOcInput: OculusInput pre-init called
[2017.09.20-11.25.35:831][  0]LogHMD: Starting GearVRController plugin
[2017.09.20-11.25.35:842][  0]LogAssetRegistry: Asset discovery search completed in 8.1915 seconds
[2017.09.20-11.25.35:844][  0]LogCollectionManager: Rebuilt the object cache for 0 collections in 0.000001 seconds (found 0 objects)
[2017.09.20-11.25.35:844][  0]LogCollectionManager: Fixed up redirectors for 0 collections in 0.000017 seconds (updated 0 objects)
[2017.09.20-11.25.35:846][  0]LogContentStreaming: Texture pool size now 1000 MB
[2017.09.20-11.25.35:892][  0]LogSlate: Took 0.000160 seconds to synchronously load lazily loaded font '../../../Engine/Content/Slate/Fonts/Roboto-Light.ttf' (159K)
[2017.09.20-11.26.12:283][233]LogSlate: Took 0.000166 seconds to synchronously load lazily loaded font '../../../Engine/Content/Slate/Fonts/Roboto-Light.ttf' (159K)
[2017.09.20-11.26.14:141][455]AssetReimport: New page: Outstanding source content changes 13:26:14
[2017.09.20-11.26.14:171][455]LogEditorFactories: Performing atomic reimport of [C:/Temp/GitHub/House-Attack-Thing/House_Attack/Content/Assets/Ladder.png]
[2017.09.20-11.26.14:171][455]LogFactory: FactoryCreateFile: Texture2D with ReimportTextureFactory (0 0 C:/Temp/GitHub/House-Attack-Thing/House_Attack/Content/Assets/Ladder.png)
[2017.09.20-11.26.14:217][455]LogEditorFactories: -- imported successfully
[2017.09.20-11.26.17:237][816]AssetReimport: Info Reimported asset Ladder from C:/Temp/GitHub/House-Attack-Thing/House_Attack/Content/Assets/Ladder.png.
[2017.09.20-11.26.20:276][178]LogMaterial: Missing cached shader map for material Ladder_Mat, compiling. 
[2017.09.20-11.26.25:290][771]Cmd: TRANSACTION UNDO
[2017.09.20-11.26.25:290][771]LogEditorTransaction: Undo Create Actors
[2017.09.20-11.26.43:837][857]LogSlate: Took 0.000110 seconds to synchronously load lazily loaded font '../../../Engine/Content/Slate/Fonts/Roboto-Light.ttf' (159K)
[2017.09.20-11.27.33:510][791]AssetReimport: New page: Outstanding source content changes 13:27:33
[2017.09.20-11.27.33:511][791]LogFactory: FactoryCreateFile: Texture with ReimportTextureFactory (0 0 C:/Temp/GitHub/House-Attack-Thing/House_Attack/Content/Assets/Ladder.psd)
[2017.09.20-11.27.33:574][792]Cmd: OBJ SAVEPACKAGE PACKAGE="/Game/Assets/Ladder" FILE="../../../../../../Temp/GitHub/House-Attack-Thing/House_Attack/Content/Assets/Ladder.uasset" SILENT=true
[2017.09.20-11.27.33:591][792]LogSavePackage: Save=15.73ms
[2017.09.20-11.27.33:592][792]LogSavePackage: Moving '../../../../../../Temp/GitHub/House-Attack-Thing/House_Attack/Saved/Ladder4EE208314B13F285E3178F89905B232D.tmp' to '../../../../../../Temp/GitHub/House-Attack-Thing/House_Attack/Content/Assets/Ladder.uasset'
[2017.09.20-11.27.33:594][792]LogSavePackage:Display: Finished SavePackage ../../../../../../Temp/GitHub/House-Attack-Thing/House_Attack/Content/Assets/Ladder.uasset
[2017.09.20-11.27.36:601][152]AssetReimport: Info Importing new asset /Game/Assets/Ladder.
[2017.09.20-11.27.40:365][599]LogContentBrowser: Native class hierarchy updated for 'TextureEditor' in 0.0005 seconds. Added 1 classes and 2 folders.
[2017.09.20-11.27.48:187][514]LogMaterial: Missing cached shader map for material Ladder_Mat, compiling. 
[2017.09.20-11.27.49:593][679]Cmd: TRANSACTION UNDO
[2017.09.20-11.27.49:593][679]LogEditorTransaction: Undo Create Actors
[2017.09.20-11.28.17:106][125]AssetReimport: New page: Outstanding source content changes 13:28:17
[2017.09.20-11.28.23:664][653]AssetReimport: Info Attempting to delete Ladder (its source file has been removed).
[2017.09.20-11.28.44:823][933]AssetReimport: New page: Outstanding source content changes 13:28:44
[2017.09.20-11.29.48:132][914]Cmd: CLOSE_SLATE_MAINFRAME
[2017.09.20-11.29.53:680][308]LogSavePackage: Save=70.97ms
[2017.09.20-11.29.53:680][308]LogSavePackage: Moving '../../../../../../Temp/GitHub/House-Attack-Thing/House_Attack/Saved/2DSideScrollerExampleMap29E721654227ADB4837D7E8BBF0FCEDF.tmp' to '../../../../../../Temp/GitHub/House-Attack-Thing/House_Attack/Content/2DSideScrollerBP/Maps/2DSideScrollerExampleMap.umap'
[2017.09.20-11.29.53:682][308]LogSavePackage:Display: Finished SavePackage ../../../../../../Temp/GitHub/House-Attack-Thing/House_Attack/Content/2DSideScrollerBP/Maps/2DSideScrollerExampleMap.umap
[2017.09.20-11.29.53:701][308]LogFileHelpers: Saving map '2DSideScrollerExampleMap' took 0.143
[2017.09.20-11.29.55:532][521]LogWindowsTextInputMethodSystem:Display: IME system now deactivated.
[2017.09.20-11.29.55:709][522]Cmd: QUIT_EDITOR
[2017.09.20-11.29.55:776][522]LogExit: Preparing to exit.
[2017.09.20-11.29.56:247][522]LogDirectoryWatcher: A directory notification for 'C:/Temp/GitHub/House-Attack-Thing/House_Attack/Content/' was aborted.
[2017.09.20-11.29.56:282][522]LogExit: Editor shut down
[2017.09.20-11.29.56:286][522]LogExit: Transaction tracking system shut down
[2017.09.20-11.29.56:341][522]LogObj: Freed 0b from 0 cluster array pools.
[2017.09.20-11.29.56:341][522]LogExit: Object subsystem successfully closed.
[2017.09.20-11.29.56:360][522]LogD3D11RHI: Shutdown
[2017.09.20-11.29.56:360][522]LogD3D11RHI: CleanupD3DDevice
[2017.09.20-11.29.56:407][522]LogD3D11RHI: ~FD3D11DynamicRHI
[2017.09.20-11.29.56:419][522]LogModuleManager: Shutting down and abandoning module TextureEditor (526)
[2017.09.20-11.29.56:419][522]LogModuleManager: Shutting down and abandoning module HierarchicalLODOutliner (524)
[2017.09.20-11.29.56:419][522]LogModuleManager: Shutting down and abandoning module CrashTracker (522)
[2017.09.20-11.29.56:419][522]LogModuleManager: Shutting down and abandoning module SceneOutliner (520)
[2017.09.20-11.29.56:419][522]LogModuleManager: Shutting down and abandoning module AddContentDialog (518)
[2017.09.20-11.29.56:419][522]LogDirectoryWatcher: A directory notification for 'C:/Program Files/Epic Games/UE_4.16/FeaturePacks/' was aborted.
[2017.09.20-11.29.56:419][522]LogModuleManager: Shutting down and abandoning module WidgetCarousel (517)
[2017.09.20-11.29.56:419][522]LogModuleManager: Shutting down and abandoning module EditorWidgets (514)
[2017.09.20-11.29.56:419][522]LogModuleManager: Shutting down and abandoning module CollectionManager (512)
[2017.09.20-11.29.56:419][522]LogDirectoryWatcher: A directory notification for 'C:/Temp/GitHub/House-Attack-Thing/House_Attack/Content/Collections/' was aborted.
[2017.09.20-11.29.56:419][522]LogDirectoryWatcher: A directory notification for 'C:/Temp/GitHub/House-Attack-Thing/House_Attack/Content/Developers/swd1amt/Collections/' was aborted.
[2017.09.20-11.29.56:419][522]LogDirectoryWatcher: A directory notification for 'C:/Temp/GitHub/House-Attack-Thing/House_Attack/Saved/Collections/' was aborted.
[2017.09.20-11.29.56:419][522]LogModuleManager: Shutting down and abandoning module StatsViewer (510)
[2017.09.20-11.29.56:419][522]LogModuleManager: Shutting down and abandoning module FoliageEdit (508)
[2017.09.20-11.29.56:419][522]LogModuleManager: Shutting down and abandoning module LandscapeEditor (506)
[2017.09.20-11.29.56:420][522]LogModuleManager: Shutting down and abandoning module MeshPaintMode (504)
[2017.09.20-11.29.56:420][522]LogModuleManager: Shutting down and abandoning module SceneDepthPickerMode (502)
[2017.09.20-11.29.56:420][522]LogModuleManager: Shutting down and abandoning module ActorPickerMode (500)
[2017.09.20-11.29.56:420][522]LogModuleManager: Shutting down and abandoning module GeometryMode (498)
[2017.09.20-11.29.56:420][522]LogModuleManager: Shutting down and abandoning module TextureAlignMode (496)
[2017.09.20-11.29.56:420][522]LogModuleManager: Shutting down and abandoning module BspMode (494)
[2017.09.20-11.29.56:420][522]LogModuleManager: Shutting down and abandoning module HardwareSurvey (492)
[2017.09.20-11.29.56:420][522]LogModuleManager: Shutting down and abandoning module SequenceRecorderSections (490)
[2017.09.20-11.29.56:420][522]LogModuleManager: Shutting down and abandoning module AutomationWorker (488)
[2017.09.20-11.29.56:420][522]LogModuleManager: Shutting down and abandoning module MatineeToLevelSequence (486)
[2017.09.20-11.29.56:420][522]LogModuleManager: Shutting down and abandoning module LevelSequenceEditor (484)
[2017.09.20-11.29.56:420][522]LogModuleManager: Shutting down and abandoning module PlacementMode (483)
[2017.09.20-11.29.56:420][522]LogModuleManager: Shutting down and abandoning module WmfMediaFactory (480)
[2017.09.20-11.29.56:420][522]LogModuleManager: Shutting down and abandoning module WmfMediaEditor (478)
[2017.09.20-11.29.56:420][522]LogModuleManager: Shutting down and abandoning module AvfMediaFactory (476)
[2017.09.20-11.29.56:420][522]LogModuleManager: Shutting down and abandoning module AvfMediaEditor (474)
[2017.09.20-11.29.56:420][522]LogModuleManager: Shutting down and abandoning module AndroidMediaFactory (472)
[2017.09.20-11.29.56:420][522]LogModuleManager: Shutting down and abandoning module Media (471)
[2017.09.20-11.29.56:420][522]LogModuleManager: Shutting down and abandoning module AndroidMediaEditor (468)
[2017.09.20-11.29.56:420][522]LogModuleManager: Shutting down and abandoning module CharacterAI (466)
[2017.09.20-11.29.56:420][522]LogModuleManager: Shutting down and abandoning module AudioCapture (464)
[2017.09.20-11.29.56:420][522]LogModuleManager: Shutting down and abandoning module SequenceRecorder (463)
[2017.09.20-11.29.56:420][522]LogModuleManager: Shutting down and abandoning module SmartSnapping (460)
[2017.09.20-11.29.56:420][522]LogModuleManager: Shutting down and abandoning module SessionServices (458)
[2017.09.20-11.29.56:420][522]LogModuleManager: Shutting down and abandoning module ViewportSnapping (456)
[2017.09.20-11.29.56:420][522]LogModuleManager: Shutting down and abandoning module ViewportInteraction (454)
[2017.09.20-11.29.56:420][522]LogModuleManager: Shutting down and abandoning module ClothPainter (452)
[2017.09.20-11.29.56:420][522]LogModuleManager: Shutting down and abandoning module LogVisualizer (450)
[2017.09.20-11.29.56:420][522]LogModuleManager: Shutting down and abandoning module IntroTutorials (448)
[2017.09.20-11.29.56:420][522]LogModuleManager: Shutting down and abandoning module GameProjectGeneration (447)
[2017.09.20-11.29.56:420][522]LogModuleManager: Shutting down and abandoning module EditorLiveStreaming (444)
[2017.09.20-11.29.56:420][522]LogModuleManager: Shutting down and abandoning module IOSPlatformEditor (442)
[2017.09.20-11.29.56:420][522]LogModuleManager: Shutting down and abandoning module HTML5PlatformEditor (440)
[2017.09.20-11.29.56:420][522]LogModuleManager: Shutting down and abandoning module AndroidPlatformEditor (438)
[2017.09.20-11.29.56:420][522]LogModuleManager: Shutting down and abandoning module AndroidDeviceDetection (437)
[2017.09.20-11.29.56:859][522]LogModuleManager: Shutting down and abandoning module IOSRuntimeSettings (434)
[2017.09.20-11.29.56:859][522]LogModuleManager: Shutting down and abandoning module AndroidRuntimeSettings (432)
[2017.09.20-11.29.56:859][522]LogModuleManager: Shutting down and abandoning module InputBindingEditor (430)
[2017.09.20-11.29.56:859][522]LogModuleManager: Shutting down and abandoning module MergeActors (428)
[2017.09.20-11.29.56:859][522]LogModuleManager: Shutting down and abandoning module SizeMap (426)
[2017.09.20-11.29.56:859][522]LogModuleManager: Shutting down and abandoning module TreeMap (424)
[2017.09.20-11.29.56:859][522]LogModuleManager: Shutting down and abandoning module ReferenceViewer (422)
[2017.09.20-11.29.56:859][522]LogModuleManager: Shutting down and abandoning module LocalizationDashboard (420)
[2017.09.20-11.29.56:859][522]LogModuleManager: Shutting down and abandoning module LocalizationService (419)
[2017.09.20-11.29.56:859][522]LogModuleManager: Shutting down and abandoning module HardwareTargeting (416)
[2017.09.20-11.29.56:859][522]LogModuleManager: Shutting down and abandoning module DeviceProfileEditor (414)
[2017.09.20-11.29.56:859][522]LogModuleManager: Shutting down and abandoning module UndoHistory (412)
[2017.09.20-11.29.56:859][522]LogModuleManager: Shutting down and abandoning module UserFeedback (410)
[2017.09.20-11.29.56:859][522]LogModuleManager: Shutting down and abandoning module XmlParser (408)
[2017.09.20-11.29.56:859][522]LogModuleManager: Shutting down and abandoning module Blutility (406)
[2017.09.20-11.29.56:859][522]LogModuleManager: Shutting down and abandoning module ProjectSettingsViewer (404)
[2017.09.20-11.29.56:859][522]LogModuleManager: Shutting down and abandoning module ProjectTargetPlatformEditor (403)
[2017.09.20-11.29.56:860][522]LogModuleManager: Shutting down and abandoning module EditorSettingsViewer (400)
[2017.09.20-11.29.56:860][522]LogModuleManager: Shutting down and abandoning module SettingsEditor (398)
[2017.09.20-11.29.56:860][522]LogModuleManager: Shutting down and abandoning module ProjectLauncher (396)
[2017.09.20-11.29.56:860][522]LogModuleManager: Shutting down and abandoning module SessionFrontend (394)
[2017.09.20-11.29.56:860][522]LogModuleManager: Shutting down and abandoning module ProfilerClient (392)
[2017.09.20-11.29.56:860][522]LogModuleManager: Shutting down and abandoning module DeviceManager (390)
[2017.09.20-11.29.56:860][522]LogModuleManager: Shutting down and abandoning module TargetDeviceServices (389)
[2017.09.20-11.29.56:913][522]LogModuleManager: Shutting down and abandoning module AutomationController (386)
[2017.09.20-11.29.56:913][522]LogModuleManager: Shutting down and abandoning module AutomationWindow (384)
[2017.09.20-11.29.56:913][522]LogModuleManager: Shutting down and abandoning module Layers (382)
[2017.09.20-11.29.56:913][522]LogModuleManager: Shutting down and abandoning module ComponentVisualizers (380)
[2017.09.20-11.29.56:913][522]LogModuleManager: Shutting down and abandoning module DetailCustomizations (378)
[2017.09.20-11.29.56:913][522]LogModuleManager: Shutting down and abandoning module PackagesDialog (376)
[2017.09.20-11.29.56:913][522]LogModuleManager: Shutting down and abandoning module Persona (374)
[2017.09.20-11.29.56:913][522]LogModuleManager: Shutting down and abandoning module AdvancedPreviewScene (373)
[2017.09.20-11.29.56:913][522]LogModuleManager: Shutting down and abandoning module AnimGraph (371)
[2017.09.20-11.29.56:913][522]LogModuleManager: Shutting down and abandoning module Kismet (368)
[2017.09.20-11.29.56:914][522]LogModuleManager: Shutting down and abandoning module ClassViewer (366)
[2017.09.20-11.29.56:914][522]LogModuleManager: Shutting down and abandoning module Toolbox (364)
[2017.09.20-11.29.56:914][522]LogModuleManager: Shutting down and abandoning module ModuleUI (362)
[2017.09.20-11.29.56:914][522]LogModuleManager: Shutting down and abandoning module MovieSceneTools (360)
[2017.09.20-11.29.56:914][522]LogModuleManager: Shutting down and abandoning module OutputLog (358)
[2017.09.20-11.29.56:914][522]LogModuleManager: Shutting down and abandoning module GammaUI (356)
[2017.09.20-11.29.56:914][522]LogModuleManager: Shutting down and abandoning module Documentation (354)
[2017.09.20-11.29.56:914][522]LogModuleManager: Shutting down and abandoning module MovieSceneTracks (352)
[2017.09.20-11.29.56:915][522]LogModuleManager: Shutting down and abandoning module MovieScene (350)
[2017.09.20-11.29.56:915][522]LogModuleManager: Shutting down and abandoning module Niagara (348)
[2017.09.20-11.29.56:915][522]LogModuleManager: Shutting down and abandoning module NiagaraEditor (347)
[2017.09.20-11.29.56:915][522]LogModuleManager: Shutting down and abandoning module StreamingPauseRendering (344)
[2017.09.20-11.29.56:915][522]LogModuleManager: Shutting down and abandoning module AnalyticsET (342)
[2017.09.20-11.29.56:915][522]LogModuleManager: Shutting down and abandoning module PortalServices (340)
[2017.09.20-11.29.56:915][522]LogModuleManager: Shutting down and abandoning module PortalRpc (338)
[2017.09.20-11.29.56:915][522]LogModuleManager: Shutting down and abandoning module MessagingRpc (336)
[2017.09.20-11.29.56:915][522]LogModuleManager: Shutting down and abandoning module AIModule (334)
[2017.09.20-11.29.56:915][522]LogModuleManager: Shutting down and abandoning module GameplayDebugger (333)
[2017.09.20-11.29.56:915][522]LogModuleManager: Shutting down and abandoning module AITestSuite (331)
[2017.09.20-11.29.56:915][522]LogModuleManager: Shutting down and abandoning module ProfilerService (328)
[2017.09.20-11.29.56:938][522]LogModuleManager: Shutting down and abandoning module TaskGraph (326)
[2017.09.20-11.29.56:938][522]LogModuleManager: Shutting down and abandoning module SteamVRController (324)
[2017.09.20-11.29.56:938][522]LogModuleManager: Shutting down and abandoning module SteamVR (322)
[2017.09.20-11.29.56:938][522]LogModuleManager: Shutting down and abandoning module ProceduralMeshComponentEditor (320)
[2017.09.20-11.29.56:938][522]LogModuleManager: Shutting down and abandoning module ProceduralMeshComponent (318)
[2017.09.20-11.29.56:938][522]LogModuleManager: Shutting down and abandoning module OculusLibrary (316)
[2017.09.20-11.29.56:938][522]LogModuleManager: Shutting down and abandoning module OculusInput (314)
[2017.09.20-11.29.56:938][522]LogModuleManager: Shutting down and abandoning module MobilePatchingUtils (312)
[2017.09.20-11.29.56:938][522]LogModuleManager: Shutting down and abandoning module CustomMeshComponent (310)
[2017.09.20-11.29.56:938][522]LogModuleManager: Shutting down and abandoning module CableComponent (308)
[2017.09.20-11.29.56:938][522]LogModuleManager: Shutting down and abandoning module ArchVisCharacter (306)
[2017.09.20-11.29.56:938][522]LogModuleManager: Shutting down and abandoning module AndroidPermission (304)
[2017.09.20-11.29.56:938][522]LogModuleManager: Shutting down and abandoning module MediaPlayerEditor (300)
[2017.09.20-11.29.56:938][522]LogModuleManager: Shutting down and abandoning module HTML5Networking (298)
[2017.09.20-11.29.56:938][522]LogModuleManager: Shutting down and abandoning module AlembicImporter (296)
[2017.09.20-11.29.56:938][522]LogModuleManager: Shutting down and abandoning module AlembicLibrary (295)
[2017.09.20-11.29.56:938][522]LogModuleManager: Shutting down and abandoning module GeometryCache (294)
[2017.09.20-11.29.56:938][522]LogModuleManager: Shutting down and abandoning module GeometryCacheEd (293)
[2017.09.20-11.29.56:938][522]LogModuleManager: Shutting down and abandoning module SuperSearchEditor (288)
[2017.09.20-11.29.56:938][522]LogModuleManager: Shutting down and abandoning module SuperSearch (287)
[2017.09.20-11.29.56:939][522]LogModuleManager: Shutting down and abandoning module SpeedTreeImporter (284)
[2017.09.20-11.29.56:939][522]LogModuleManager: Shutting down and abandoning module PluginBrowser (282)
[2017.09.20-11.29.56:939][522]LogModuleManager: Shutting down and abandoning module MobileLauncherProfileWizard (280)
[2017.09.20-11.29.56:939][522]LogModuleManager: Shutting down and abandoning module VisualStudioSourceCodeAccess (278)
[2017.09.20-11.29.56:939][522]LogModuleManager: Shutting down and abandoning module DesktopPlatform (277)
[2017.09.20-11.29.56:939][522]LogModuleManager: Shutting down and abandoning module UObjectPlugin (274)
[2017.09.20-11.29.56:939][522]LogModuleManager: Shutting down and abandoning module SubversionSourceControl (272)
[2017.09.20-11.29.56:939][522]LogModuleManager: Shutting down and abandoning module PerforceSourceControl (270)
[2017.09.20-11.29.56:939][522]LogModuleManager: Shutting down and abandoning module GitSourceControl (268)
[2017.09.20-11.29.56:939][522]LogModuleManager: Shutting down and abandoning module SourceControl (267)
[2017.09.20-11.29.56:939][522]LogModuleManager: Shutting down and abandoning module LightPropagationVolumeEditor (264)
[2017.09.20-11.29.56:939][522]LogModuleManager: Shutting down and abandoning module PaperTiledImporter (262)
[2017.09.20-11.29.56:939][522]LogModuleManager: Shutting down and abandoning module PaperSpriteSheetImporter (260)
[2017.09.20-11.29.56:939][522]LogModuleManager: Shutting down and abandoning module Paper2DEditor (258)
[2017.09.20-11.29.56:939][522]LogModuleManager: Shutting down and abandoning module MeshPaint (257)
[2017.09.20-11.29.56:939][522]LogModuleManager: Shutting down and abandoning module LevelEditor (255)
[2017.09.20-11.29.56:942][522]LogModuleManager: Shutting down and abandoning module PixelInspectorModule (254)
[2017.09.20-11.29.56:942][522]LogModuleManager: Shutting down and abandoning module MainFrame (252)
[2017.09.20-11.29.56:942][522]LogModuleManager: Shutting down and abandoning module HotReload (251)
[2017.09.20-11.29.56:943][522]LogModuleManager: Shutting down and abandoning module PhysXVehiclesEditor (246)
[2017.09.20-11.29.56:943][522]LogModuleManager: Shutting down and abandoning module PhysXVehicles (244)
[2017.09.20-11.29.56:943][522]LogModuleManager: Shutting down and abandoning module LocationServicesBPLibrary (242)
[2017.09.20-11.29.56:943][522]LogModuleManager: Shutting down and abandoning module ImmediatePhysicsEditor (240)
[2017.09.20-11.29.56:943][522]LogModuleManager: Shutting down and abandoning module ImmediatePhysics (238)
[2017.09.20-11.29.56:943][522]LogModuleManager: Shutting down and abandoning module UdpMessaging (236)
[2017.09.20-11.29.57:044][522]LogModuleManager: Shutting down and abandoning module TcpMessaging (234)
[2017.09.20-11.29.57:145][522]LogModuleManager: Shutting down and abandoning module GameplayTagsEditor (232)
[2017.09.20-11.29.57:145][522]LogModuleManager: Shutting down and abandoning module FacialAnimationEditor (230)
[2017.09.20-11.29.57:145][522]LogModuleManager: Shutting down and abandoning module FacialAnimation (228)
[2017.09.20-11.29.57:145][522]LogModuleManager: Shutting down and abandoning module AssetManagerEditor (226)
[2017.09.20-11.29.57:145][522]LogModuleManager: Shutting down and abandoning module GraphEditor (225)
[2017.09.20-11.29.57:145][522]LogModuleManager: Shutting down and abandoning module ContentBrowser (223)
[2017.09.20-11.29.57:147][522]LogModuleManager: Shutting down and abandoning module LightPropagationVolumeRuntime (220)
[2017.09.20-11.29.57:147][522]LogModuleManager: Shutting down and abandoning module Paper2D (218)
[2017.09.20-11.29.57:147][522]LogModuleManager: Shutting down and abandoning module WindowsMoviePlayer (216)
[2017.09.20-11.29.57:148][522]LogModuleManager: Shutting down and abandoning module WmfMedia (214)
[2017.09.20-11.29.57:148][522]LogModuleManager: Shutting down and abandoning module ClothingSystemEditor (212)
[2017.09.20-11.29.57:148][522]LogModuleManager: Shutting down and abandoning module ClothingSystemRuntime (210)
[2017.09.20-11.29.57:148][522]LogModuleManager: Shutting down and abandoning module MediaAssets (208)
[2017.09.20-11.29.57:148][522]LogModuleManager: Shutting down and abandoning module GameLiveStreaming (206)
[2017.09.20-11.29.57:148][522]LogModuleManager: Shutting down and abandoning module VREditor (204)
[2017.09.20-11.29.57:148][522]LogModuleManager: Shutting down and abandoning module StringTableEditor (202)
[2017.09.20-11.29.57:148][522]LogModuleManager: Shutting down and abandoning module GameplayTasksEditor (200)
[2017.09.20-11.29.57:148][522]LogModuleManager: Shutting down and abandoning module BehaviorTreeEditor (198)
[2017.09.20-11.29.57:148][522]LogModuleManager: Shutting down and abandoning module FunctionalTesting (196)
[2017.09.20-11.29.57:148][522]LogModuleManager: Shutting down and abandoning module CollisionAnalyzer (194)
[2017.09.20-11.29.57:148][522]LogModuleManager: Shutting down and abandoning module UMG (192)
[2017.09.20-11.29.57:148][522]LogModuleManager: Shutting down and abandoning module UMGEditor (191)
[2017.09.20-11.29.57:148][522]LogModuleManager: Shutting down and abandoning module Sequencer (190)
[2017.09.20-11.29.57:149][522]LogModuleManager: Shutting down and abandoning module AssetTools (188)
[2017.09.20-11.29.57:149][522]LogModuleManager: Shutting down and abandoning module MessageLog (187)
[2017.09.20-11.29.57:149][522]LogModuleManager: Shutting down and abandoning module WorkspaceMenuStructure (186)
[2017.09.20-11.29.57:149][522]LogModuleManager: Shutting down and abandoning module SlateReflector (180)
[2017.09.20-11.29.57:149][522]LogModuleManager: Shutting down and abandoning module Slate (178)
[2017.09.20-11.29.57:149][522]LogModuleManager: Shutting down and abandoning module EditorStyle (176)
[2017.09.20-11.29.57:156][522]LogModuleManager: Shutting down and abandoning module SourceCodeAccess (174)
[2017.09.20-11.29.57:156][522]LogModuleManager: Shutting down and abandoning module HeadMountedDisplay (172)
[2017.09.20-11.29.57:156][522]LogModuleManager: Shutting down and abandoning module XAudio2 (170)
[2017.09.20-11.29.57:156][522]LogModuleManager: Shutting down and abandoning module Networking (168)
[2017.09.20-11.29.57:156][522]LogModuleManager: Shutting down and abandoning module Core (164)
[2017.09.20-11.29.57:156][522]LogModuleManager: Shutting down and abandoning module AssetRegistry (162)
[2017.09.20-11.29.57:389][522]LogDirectoryWatcher: A directory notification for '../../../Engine/Content/' was aborted.
[2017.09.20-11.29.57:389][522]LogDirectoryWatcher: A directory notification for '../../../../../../Temp/GitHub/House-Attack-Thing/House_Attack/Content/' was aborted.
[2017.09.20-11.29.57:389][522]LogDirectoryWatcher: A directory notification for '../../../Engine/Plugins/2D/Paper2D/Content/' was aborted.
[2017.09.20-11.29.57:389][522]LogDirectoryWatcher: A directory notification for '../../../Engine/Plugins/Runtime/GearVR/Content/' was aborted.
[2017.09.20-11.29.57:391][522]LogModuleManager: Shutting down and abandoning module DirectoryWatcher (161)
[2017.09.20-11.29.57:391][522]LogModuleManager: Shutting down and abandoning module KismetCompiler (158)
[2017.09.20-11.29.57:391][522]LogModuleManager: Shutting down and abandoning module LevelSequence (156)
[2017.09.20-11.29.57:391][522]LogModuleManager: Shutting down and abandoning module PhysXFormats (154)
[2017.09.20-11.29.57:391][522]LogModuleManager: Shutting down and abandoning module MeshUtilities (152)
[2017.09.20-11.29.57:391][522]LogModuleManager: Shutting down and abandoning module SimplygonSwarm (151)
[2017.09.20-11.29.57:391][522]LogModuleManager: Shutting down and abandoning module SimplygonMeshReduction (149)
[2017.09.20-11.29.57:391][522]LogModuleManager: Shutting down and abandoning module QuadricMeshReduction (147)
[2017.09.20-11.29.57:391][522]LogModuleManager: Shutting down and abandoning module DerivedDataCache (144)
[2017.09.20-11.29.57:394][522]LogDerivedDataCache: Shutdown
[2017.09.20-11.29.57:394][522]LogModuleManager: Shutting down and abandoning module TargetPlatform (142)
[2017.09.20-11.29.57:394][522]LogModuleManager: Shutting down and abandoning module VulkanShaderFormat (141)
[2017.09.20-11.29.57:394][522]LogModuleManager: Shutting down and abandoning module ShaderFormatVectorVM (139)
[2017.09.20-11.29.57:394][522]LogModuleManager: Shutting down and abandoning module ShaderFormatOpenGL (137)
[2017.09.20-11.29.57:394][522]LogModuleManager: Shutting down and abandoning module ShaderFormatD3D (135)
[2017.09.20-11.29.57:394][522]LogModuleManager: Shutting down and abandoning module MetalShaderFormat (133)
[2017.09.20-11.29.57:394][522]LogModuleManager: Shutting down and abandoning module TextureFormatUncompressed (131)
[2017.09.20-11.29.57:394][522]LogModuleManager: Shutting down and abandoning module TextureFormatPVR (129)
[2017.09.20-11.29.57:394][522]LogModuleManager: Shutting down and abandoning module TextureFormatDXT (127)
[2017.09.20-11.29.57:394][522]LogModuleManager: Shutting down and abandoning module TextureFormatIntelISPCTexComp (125)
[2017.09.20-11.29.57:394][522]LogModuleManager: Shutting down and abandoning module TextureFormatASTC (123)
[2017.09.20-11.29.57:394][522]LogModuleManager: Shutting down and abandoning module ImageWrapper (122)
[2017.09.20-11.29.57:394][522]LogModuleManager: Shutting down and abandoning module TextureFormatAndroid (119)
[2017.09.20-11.29.57:394][522]LogModuleManager: Shutting down and abandoning module AudioFormatOpus (117)
[2017.09.20-11.29.57:394][522]LogModuleManager: Shutting down and abandoning module AudioFormatOgg (115)
[2017.09.20-11.29.57:394][522]LogModuleManager: Shutting down and abandoning module AudioFormatADPCM (113)
[2017.09.20-11.29.57:394][522]LogModuleManager: Shutting down and abandoning module LinuxTargetPlatform (111)
[2017.09.20-11.29.57:394][522]LogModuleManager: Shutting down and abandoning module LinuxServerTargetPlatform (109)
[2017.09.20-11.29.57:394][522]LogModuleManager: Shutting down and abandoning module LinuxNoEditorTargetPlatform (107)
[2017.09.20-11.29.57:394][522]LogModuleManager: Shutting down and abandoning module LinuxClientTargetPlatform (105)
[2017.09.20-11.29.57:394][522]LogModuleManager: Shutting down and abandoning module TVOSTargetPlatform (103)
[2017.09.20-11.29.57:394][522]LogModuleManager: Shutting down and abandoning module Messaging (101)
[2017.09.20-11.29.57:394][522]LogModuleManager: Shutting down and abandoning module IOSTargetPlatform (99)
[2017.09.20-11.29.57:394][522]LogModuleManager: Shutting down and abandoning module HTML5TargetPlatform (97)
[2017.09.20-11.29.57:394][522]LogModuleManager: Shutting down and abandoning module Android_PVRTCTargetPlatform (95)
[2017.09.20-11.29.57:394][522]LogModuleManager: Shutting down and abandoning module Android_MultiTargetPlatform (93)
[2017.09.20-11.29.57:394][522]LogModuleManager: Shutting down and abandoning module Android_ETC2TargetPlatform (91)
[2017.09.20-11.29.57:394][522]LogModuleManager: Shutting down and abandoning module Android_ETC1TargetPlatform (89)
[2017.09.20-11.29.57:394][522]LogModuleManager: Shutting down and abandoning module Android_DXTTargetPlatform (87)
[2017.09.20-11.29.57:394][522]LogModuleManager: Shutting down and abandoning module Android_ATCTargetPlatform (85)
[2017.09.20-11.29.57:394][522]LogModuleManager: Shutting down and abandoning module Android_ASTCTargetPlatform (83)
[2017.09.20-11.29.57:394][522]LogModuleManager: Shutting down and abandoning module AndroidTargetPlatform (81)
[2017.09.20-11.29.57:394][522]LogModuleManager: Shutting down and abandoning module WindowsTargetPlatform (79)
[2017.09.20-11.29.57:394][522]LogModuleManager: Shutting down and abandoning module WindowsServerTargetPlatform (77)
[2017.09.20-11.29.57:394][522]LogModuleManager: Shutting down and abandoning module WindowsNoEditorTargetPlatform (75)
[2017.09.20-11.29.57:394][522]LogModuleManager: Shutting down and abandoning module WindowsClientTargetPlatform (73)
[2017.09.20-11.29.57:394][522]LogModuleManager: Shutting down and abandoning module MacTargetPlatform (71)
[2017.09.20-11.29.57:394][522]LogModuleManager: Shutting down and abandoning module MacServerTargetPlatform (69)
[2017.09.20-11.29.57:394][522]LogModuleManager: Shutting down and abandoning module MacNoEditorTargetPlatform (67)
[2017.09.20-11.29.57:394][522]LogModuleManager: Shutting down and abandoning module MacClientTargetPlatform (65)
[2017.09.20-11.29.57:394][522]LogModuleManager: Shutting down and abandoning module AllDesktopTargetPlatform (63)
[2017.09.20-11.29.57:394][522]LogModuleManager: Shutting down and abandoning module InputCore (60)
[2017.09.20-11.29.57:394][522]LogModuleManager: Shutting down and abandoning module Settings (58)
[2017.09.20-11.29.57:394][522]LogModuleManager: Shutting down and abandoning module OculusRift (56)
[2017.09.20-11.29.57:394][522]LogModuleManager: Shutting down and abandoning module GearVRController (54)
[2017.09.20-11.29.57:394][522]LogModuleManager: Shutting down and abandoning module GearVR (52)
[2017.09.20-11.29.57:395][522]LogModuleManager: Shutting down and abandoning module ExampleDeviceProfileSelector (50)
[2017.09.20-11.29.57:395][522]LogModuleManager: Shutting down and abandoning module OnlineBlueprintSupport (48)
[2017.09.20-11.29.57:395][522]LogModuleManager: Shutting down and abandoning module OnlineSubsystem (44)
[2017.09.20-11.29.57:395][522]LogOnline:Display: Unloading online subsystem: NULL
[2017.09.20-11.29.57:395][522]LogModuleManager: Shutting down and abandoning module XMPP (43)
[2017.09.20-11.29.57:395][522]LogModuleManager: Shutting down and abandoning module HTTP (41)
[2017.09.20-11.29.57:395][522]LogHttp:Display: Http module shutting down, but needs to wait on 1 outstanding Http requests:
[2017.09.20-11.29.57:395][522]LogHttp:Display: 	verb=[POST] url=[https://datarouter.ol.epicgames.com/datarouter/api/v1/public/data?SessionID=%7BC4D16F58-4C6D-A691-F258-9597DA4001FE%7D&AppID=UEEditor.Rocket.Release&AppVersion=4.16.1-3466753%2B%2B%2BUE4%2BRelease-4.16&UserID=38b5af7d40d11a1859a9b6985391c105%7C%7Ceacc41cc-03ce-46cc-ac38-b5c9878cc781&AppEnvironment=datacollector-binary&UploadType=eteventstream] status=Processing
[2017.09.20-11.29.57:398][522]LogModuleManager: Shutting down and abandoning module SSL (40)
[2017.09.20-11.29.57:400][522]LogModuleManager: Shutting down and abandoning module HTTPChunkInstaller (36)
[2017.09.20-11.29.57:400][522]LogModuleManager: Shutting down and abandoning module AnimationModifiers (34)
[2017.09.20-11.29.57:400][522]LogModuleManager: Shutting down and abandoning module PropertyEditor (33)
[2017.09.20-11.29.57:400][522]LogModuleManager: Shutting down and abandoning module AudioEditor (30)
[2017.09.20-11.29.57:400][522]LogModuleManager: Shutting down and abandoning module TextureCompressor (28)
[2017.09.20-11.29.57:400][522]LogModuleManager: Shutting down and abandoning module ShaderCore (26)
[2017.09.20-11.29.57:400][522]LogModuleManager: Shutting down and abandoning module Landscape (24)
[2017.09.20-11.29.57:400][522]LogModuleManager: Shutting down and abandoning module SlateRHIRenderer (22)
[2017.09.20-11.29.57:400][522]LogModuleManager: Shutting down and abandoning module OpenGLDrv (20)
[2017.09.20-11.29.57:400][522]LogModuleManager: Shutting down and abandoning module D3D11RHI (18)
[2017.09.20-11.29.57:400][522]LogModuleManager: Shutting down and abandoning module AnimGraphRuntime (16)
[2017.09.20-11.29.57:400][522]LogModuleManager: Shutting down and abandoning module Renderer (14)
[2017.09.20-11.29.57:400][522]LogModuleManager: Shutting down and abandoning module Engine (12)
[2017.09.20-11.29.57:400][522]LogModuleManager: Shutting down and abandoning module CoreUObject (10)
[2017.09.20-11.29.57:400][522]LogModuleManager: Shutting down and abandoning module NetworkFile (8)
[2017.09.20-11.29.57:400][522]LogModuleManager: Shutting down and abandoning module StreamingFile (6)
[2017.09.20-11.29.57:400][522]LogModuleManager: Shutting down and abandoning module SandboxFile (4)
[2017.09.20-11.29.57:400][522]LogModuleManager: Shutting down and abandoning module PakFile (2)
[2017.09.20-11.29.57:402][522]LogExit: Exiting.
[2017.09.20-11.29.57:414][522]Log file closed, 09/20/17 12:29:57
