Log file open, 09/20/17 12:34:25
LogInit:Display: Running engine for game: House_Attack
LogPlatformFile: Not using cached read wrapper
LogInit:Display: RandInit(-555650959) SRandInit(-555650959).
LogTaskGraph: Started task graph with 5 named threads and 8 total threads with 1 sets of task threads.
LogStats: Stats thread started at 0.095031
LogInit: Using libcurl 7.47.1
LogInit:  - built for x86_64-pc-win32
LogInit:  - supports SSL with OpenSSL/1.0.2g
LogInit:  - supports HTTP deflate (compression) using libz 1.2.8
LogInit:  - other features:
LogInit:      CURL_VERSION_SSL
LogInit:      CURL_VERSION_LIBZ
LogInit:      CURL_VERSION_IPV6
LogInit:      CURL_VERSION_ASYNCHDNS
LogInit:      CURL_VERSION_LARGEFILE
LogInit:      CURL_VERSION_IDN
LogInit:  CurlRequestOptions (configurable via config and command line):
LogInit:  - bVerifyPeer = false  - Libcurl will NOT verify peer certificate
LogInit:  - bUseHttpProxy = false  - Libcurl will NOT use HTTP proxy
LogInit:  - bDontReuseConnections = false  - Libcurl will reuse connections
LogInit:  - CertBundlePath = nullptr  - Libcurl will use whatever was configured at build time.
LogInit: Build: ++UE4+Release-4.16-CL-3466753
LogInit: Engine Version: 4.16.1-3466753+++UE4+Release-4.16
LogInit: Compatible Engine Version: 4.16.0-3452394+++UE4+Release-4.16
LogInit: Net CL: 3452394
LogDevObjectVersion: Number of dev versions registered: 16
LogDevObjectVersion:   Dev-Blueprints (B0D832E4-1F89-4F0D-ACCF-7EB736FD4AA2): 9
LogDevObjectVersion:   Dev-Build (E1C64328-A22C-4D53-A36C-8E866417BD8C): 0
LogDevObjectVersion:   Dev-Core (375EC13C-06E4-48FB-B500-84F0262A717E): 2
LogDevObjectVersion:   Dev-Editor (E4B068ED-F494-42E9-A231-DA0B2E46BB41): 17
LogDevObjectVersion:   Dev-Framework (CFFC743F-43B0-4480-9391-14DF171D2073): 23
LogDevObjectVersion:   Dev-Mobile (B02B49B5-BB20-44E9-A304-32B752E40360): 0
LogDevObjectVersion:   Dev-Networking (A4E4105C-59A1-49B5-A7C5-40C4547EDFEE): 0
LogDevObjectVersion:   Dev-Online (39C831C9-5AE6-47DC-9A44-9C173E1C8E7C): 0
LogDevObjectVersion:   Dev-Physics (78F01B33-EBEA-4F98-B9B4-84EACCB95AA2): 0
LogDevObjectVersion:   Dev-Platform (6631380F-2D4D-43E0-8009-CF276956A95A): 0
LogDevObjectVersion:   Dev-Rendering (12F88B9F-8875-4AFC-A67C-D90C383ABD29): 15
LogDevObjectVersion:   Dev-Sequencer (7B5AE74C-D270-4C10-A958-57980B212A5A): 4
LogDevObjectVersion:   Dev-VR (D7296918-1DD6-4BDD-9DE2-64A83CC13884): 0
LogDevObjectVersion:   Dev-LoadTimes (C2A15278-BFE7-4AFE-6C17-90FF531DF755): 1
LogDevObjectVersion:   Private-Geometry (6EACA3D4-40EC-4CC1-B786-8BED09428FC5): 1
LogDevObjectVersion:   Dev-AnimPhys (29E575DD-E0A3-4627-9D10-D276232CDCEA): 3
LogInit: Compiled (64-bit): May 31 2017 02:03:30
LogInit: Compiled with Visual C++: 19.00.24215.01
LogInit: Build Configuration: Development
LogInit: Branch Name: ++UE4+Release-4.16
LogInit: Command line: -EpicPortal 
LogInit: Base directory: C:/Program Files/Epic Games/UE_4.16/Engine/Binaries/Win64/
LogInit: Installed Engine Build: 1
LogInit: Presizing for max 8388607 objects, including 0 objects not considered by GC, pre-allocating 0 bytes for permanent pool.
LogInit: Object subsystem initialized
[2017.09.20-11.34.26:023][  0]LogInit: Selected Device Profile: [Windows]
[2017.09.20-11.34.26:023][  0]LogInit: Applying CVar settings loaded from the selected device profile: [Windows]
[2017.09.20-11.34.26:061][  0]LogInit: Computer: AMTX205-05
[2017.09.20-11.34.26:061][  0]LogInit: User: swd1amt
[2017.09.20-11.34.26:061][  0]LogInit: CPU Page size=4096, Cores=4
[2017.09.20-11.34.26:061][  0]LogInit: High frequency timer resolution =3.328126 MHz
[2017.09.20-11.34.26:062][  0]LogMemory: Memory total: Physical=15.9GB (16GB approx)
[2017.09.20-11.34.26:062][  0]LogMemory: Platform Memory Stats for Windows
[2017.09.20-11.34.26:062][  0]LogMemory: Process Physical Memory: 273.50 MB used, 273.50 MB peak
[2017.09.20-11.34.26:062][  0]LogMemory: Process Virtual Memory: 260.82 MB used, 260.82 MB peak
[2017.09.20-11.34.26:062][  0]LogMemory: Physical Memory: 6522.66 MB used,  9716.18 MB free, 16238.84 MB total
[2017.09.20-11.34.26:062][  0]LogMemory: Virtual Memory: 638.44 MB used,  9716.18 MB free, 134217728.00 MB total
[2017.09.20-11.34.26:152][  0]LogInit: Using OS detected language (en-GB).
[2017.09.20-11.34.26:152][  0]LogInit: Using OS detected locale (en-GB).
[2017.09.20-11.34.26:154][  0]LogTextLocalizationManager: No specific localization for 'en-GB' exists, so the 'en' localization will be used.
[2017.09.20-11.34.26:895][  0]LogD3D11RHI: D3D11 adapters:
[2017.09.20-11.34.26:934][  0]LogD3D11RHI:    0. 'NVIDIA GeForce GTX 1070' (Feature Level 11_0)
[2017.09.20-11.34.26:934][  0]LogD3D11RHI:       8085/0/8119 MB DedicatedVideo/DedicatedSystem/SharedSystem, Outputs:1, VendorId:0x10de
[2017.09.20-11.34.26:940][  0]LogD3D11RHI:    1. 'Intel(R) HD Graphics 530' (Feature Level 11_0)
[2017.09.20-11.34.26:940][  0]LogD3D11RHI:       128/0/8119 MB DedicatedVideo/DedicatedSystem/SharedSystem, Outputs:0, VendorId:0x8086
[2017.09.20-11.34.26:940][  0]LogD3D11RHI:    2. 'Microsoft Basic Render Driver' (Feature Level 11_0)
[2017.09.20-11.34.26:940][  0]LogD3D11RHI:       0/0/8119 MB DedicatedVideo/DedicatedSystem/SharedSystem, Outputs:0, VendorId:0x1414
[2017.09.20-11.34.26:940][  0]LogD3D11RHI: Chosen D3D11 Adapter: 0
[2017.09.20-11.34.26:945][  0]LogD3D11RHI: Creating new Direct3DDevice
[2017.09.20-11.34.26:945][  0]LogD3D11RHI:     GPU DeviceId: 0x1b81 (for the marketing name, search the web for "GPU Device Id")
[2017.09.20-11.34.26:945][  0]LogWindows: EnumDisplayDevices:
[2017.09.20-11.34.26:945][  0]LogWindows:    0. 'NVIDIA GeForce GTX 1070' (P:1 D:1)
[2017.09.20-11.34.26:945][  0]LogWindows:    1. 'NVIDIA GeForce GTX 1070' (P:0 D:0)
[2017.09.20-11.34.26:945][  0]LogWindows:    2. 'NVIDIA GeForce GTX 1070' (P:0 D:0)
[2017.09.20-11.34.26:945][  0]LogWindows:    3. 'NVIDIA GeForce GTX 1070' (P:0 D:0)
[2017.09.20-11.34.26:945][  0]LogWindows:    4. 'Intel(R) HD Graphics 530' (P:0 D:0)
[2017.09.20-11.34.26:946][  0]LogWindows:    5. 'Intel(R) HD Graphics 530' (P:0 D:0)
[2017.09.20-11.34.26:946][  0]LogWindows:    6. 'Intel(R) HD Graphics 530' (P:0 D:0)
[2017.09.20-11.34.26:946][  0]LogWindows: DebugString: PrimaryIsNotTheChoosenAdapter PrimaryIsNotTheChoosenAdapter PrimaryIsNotTheChoosenAdapter FoundDriverCount:4 
[2017.09.20-11.34.26:946][  0]LogD3D11RHI:     Adapter Name: NVIDIA GeForce GTX 1070
[2017.09.20-11.34.26:946][  0]LogD3D11RHI:   Driver Version: 384.94 (internal:22.21.13.8494, unified:384.94)
[2017.09.20-11.34.26:946][  0]LogD3D11RHI:      Driver Date: 7-18-2017
[2017.09.20-11.34.26:946][  0]LogRHI: Texture pool is 1361 MB (70% of 1945 MB)
[2017.09.20-11.34.26:975][  0]LogD3D11RHI: Async texture creation enabled
[2017.09.20-11.34.26:987][  0]LogD3D11RHI: GPU Timing Frequency: 1000.000000 (Debug: 2 1)
[2017.09.20-11.34.26:988][  0]LogShaderCompilers: Guid format shader working directory is -13 characters bigger than the processId version (../../../../../../Temp/GitHub/House-Attack-Thing/House_Attack/Intermediate/Shaders/WorkingDirectory/7680/).
[2017.09.20-11.34.26:989][  0]LogShaderCompilers: Cleaned the shader compiler working directory 'C:/Users/swd1amt/AppData/Local/Temp/UnrealShaderWorkingDir/FE5E8A6E4B5E027798D41386CB9884FF/'.
[2017.09.20-11.34.26:989][  0]LogShaderCompilers:Display: Using Local Shader Compiler.
[2017.09.20-11.34.27:857][  0]LogTemp:Display: Loaded TP AllDesktopTargetPlatform
[2017.09.20-11.34.27:895][  0]LogTemp:Display: Loaded TP MacClientTargetPlatform
[2017.09.20-11.34.27:934][  0]LogTemp:Display: Loaded TP MacNoEditorTargetPlatform
[2017.09.20-11.34.27:972][  0]LogTemp:Display: Loaded TP MacServerTargetPlatform
[2017.09.20-11.34.28:011][  0]LogTemp:Display: Loaded TP MacTargetPlatform
[2017.09.20-11.34.28:049][  0]LogTemp:Display: Loaded TP WindowsClientTargetPlatform
[2017.09.20-11.34.28:087][  0]LogTemp:Display: Loaded TP WindowsNoEditorTargetPlatform
[2017.09.20-11.34.28:126][  0]LogTemp:Display: Loaded TP WindowsServerTargetPlatform
[2017.09.20-11.34.28:159][  0]LogTemp:Display: Loaded TP WindowsTargetPlatform
[2017.09.20-11.34.28:196][  0]LogTemp:Display: Loaded TP AndroidTargetPlatform
[2017.09.20-11.34.28:233][  0]LogTemp:Display: Loaded TP Android_ASTCTargetPlatform
[2017.09.20-11.34.28:270][  0]LogTemp:Display: Loaded TP Android_ATCTargetPlatform
[2017.09.20-11.34.28:308][  0]LogTemp:Display: Loaded TP Android_DXTTargetPlatform
[2017.09.20-11.34.28:345][  0]LogTemp:Display: Loaded TP Android_ETC1TargetPlatform
[2017.09.20-11.34.28:403][  0]LogTemp:Display: Loaded TP Android_ETC2TargetPlatform
[2017.09.20-11.34.28:559][  0]LogTemp:Display: Loaded TP Android_MultiTargetPlatform
[2017.09.20-11.34.28:559][  0]LogTemp:Display: Loaded TP Android_PVRTCTargetPlatform
[2017.09.20-11.34.28:587][  0]LogTemp:Display: Loaded TP HTML5TargetPlatform
[2017.09.20-11.34.28:663][  0]LogTemp:Display: Loaded TP IOSTargetPlatform
[2017.09.20-11.34.28:686][  0]LogTemp:Display: Loaded TP TVOSTargetPlatform
[2017.09.20-11.34.28:725][  0]LogTemp:Display: Loaded TP LinuxClientTargetPlatform
[2017.09.20-11.34.28:764][  0]LogTemp:Display: Loaded TP LinuxNoEditorTargetPlatform
[2017.09.20-11.34.28:801][  0]LogTemp:Display: Loaded TP LinuxServerTargetPlatform
[2017.09.20-11.34.28:839][  0]LogTemp:Display: Loaded TP LinuxTargetPlatform
[2017.09.20-11.34.28:839][  0]LogTargetPlatformManager:Display: Building Assets For Windows
[2017.09.20-11.34.29:209][  0]LogDerivedDataCache:Display: Max Cache Size: 512 MB
[2017.09.20-11.34.29:289][  0]LogDerivedDataCache: Loaded boot cache 0.08s 90MB C:/Users/swd1amt/AppData/Local/UnrealEngine/4.16/DerivedDataCache/Boot.ddc.
[2017.09.20-11.34.29:289][  0]LogDerivedDataCache:Display: Loaded Boot cache: C:/Users/swd1amt/AppData/Local/UnrealEngine/4.16/DerivedDataCache/Boot.ddc
[2017.09.20-11.34.29:289][  0]LogDerivedDataCache: FDerivedDataBackendGraph:  Pak pak cache file ../../../../../../Temp/GitHub/House-Attack-Thing/House_Attack/DerivedDataCache/DDC.ddp not found, will not use a pak cache.
[2017.09.20-11.34.29:289][  0]LogDerivedDataCache: Unable to find inner node Pak for hierarchical cache Hierarchy.
[2017.09.20-11.34.29:289][  0]LogDerivedDataCache: FDerivedDataBackendGraph:  CompressedPak pak cache file ../../../../../../Temp/GitHub/House-Attack-Thing/House_Attack/DerivedDataCache/Compressed.ddp not found, will not use a pak cache.
[2017.09.20-11.34.29:289][  0]LogDerivedDataCache: Unable to find inner node CompressedPak for hierarchical cache Hierarchy.
[2017.09.20-11.34.29:302][  0]LogDerivedDataCache:Display: Pak cache opened for reading ../../../Engine/DerivedDataCache/Compressed.ddp.
[2017.09.20-11.34.29:314][  0]LogDerivedDataCache: Using Local data cache path C:/Users/swd1amt/AppData/Local/UnrealEngine/Common/DerivedDataCache: Writable
[2017.09.20-11.34.29:323][  0]LogMaterial: Verifying Global Shaders for PCD3D_SM5
[2017.09.20-11.34.29:323][  0]LogSlate: Using Freetype 2.6.0
[2017.09.20-11.34.29:323][  0]LogSlate: SlateFontCache - WITH_FREETYPE: 1, WITH_HARFBUZZ: 1
[2017.09.20-11.34.29:323][  0]LogSlate: SlateFontCache - WITH_FREETYPE: 1, WITH_HARFBUZZ: 1
[2017.09.20-11.34.29:576][  0]LogInit: Selected Device Profile: [Windows]
[2017.09.20-11.34.29:648][  0]LogContentStreaming: Texture pool size is 0.00 MB
[2017.09.20-11.34.29:780][  0]LogMeshUtilities: Using QuadricMeshReduction for automatic static mesh reduction
[2017.09.20-11.34.29:813][  0]LogSimplygon: Simplygon DLL not present - disabling.
[2017.09.20-11.34.29:847][  0]LogMeshUtilities: Using SimplygonSwarm for distributed automatic mesh merging
[2017.09.20-11.34.29:847][  0]LogMeshUtilities: No automatic skeletal mesh reduction module available
[2017.09.20-11.34.29:847][  0]LogMeshUtilities: No automatic mesh merging module available
[2017.09.20-11.34.30:284][  0]LogNetVersion: House_Attack , NetCL: 3452394, EngineNetVer: 2, GameNetVer: 0 (Checksum: 1301838586)
[2017.09.20-11.34.30:338][  0]LogAssetRegistry: FAssetRegistry took 0.0262 seconds to start up
[2017.09.20-11.34.30:384][  0]LogPackageLocalizationCache: Processed 4 localized package path(s) for 2 prioritized culture(s) in 0.027488 seconds
[2017.09.20-11.34.30:388][  0]LogUObjectArray: 34194 objects as part of root set at end of initial load.
[2017.09.20-11.34.30:388][  0]LogUObjectAllocator: 7260424 out of 0 bytes used by permanent object pool.
[2017.09.20-11.34.30:388][  0]LogUObjectArray: CloseDisregardForGC: 0/0 objects in disregard for GC pool
[2017.09.20-11.34.30:437][  0]LogInit: WinSock: version 1.1 (2.2), MaxSocks=32767, MaxUdp=65467
[2017.09.20-11.34.32:530][  0]LogTcpMessaging: Initializing TcpMessaging bridge
[2017.09.20-11.34.32:574][  0]LogUdpMessaging: Initializing bridge on interface 0.0.0.0:0 to multicast group 230.0.0.1:6666.
[2017.09.20-11.34.33:088][  0]LogMaterial: Uniform references updated for custom material expression Custom.
[2017.09.20-11.34.33:423][  0]SourceControl: Info Source control is disabled
[2017.09.20-11.34.33:424][  0]SourceControl: Info Source control is disabled
[2017.09.20-11.34.33:458][  0]SourceControl: Info Source control is disabled
[2017.09.20-11.34.33:509][  0]SourceControl: Info Source control is disabled
[2017.09.20-11.34.34:050][  0]LogAndroidPermission: UAndroidPermissionCallbackProxy::GetInstance
[2017.09.20-11.34.34:519][  0]LogEngine: Initializing Engine...
[2017.09.20-11.34.34:519][  0]LogHMD: Failed to initialize OpenVR with code 110
[2017.09.20-11.34.34:701][  0]LogStats: UGameplayTagsManager::ConstructGameplayTagTree: Construct from data asset -  0.000 s
[2017.09.20-11.34.34:701][  0]LogStats: UGameplayTagsManager::ConstructGameplayTagTree: GameplayTagTreeChangedEvent.Broadcast -  0.000 s
[2017.09.20-11.34.34:795][  0]LogAIModule: Creating AISystem for world Untitled
[2017.09.20-11.34.34:803][  0]LogInit: XAudio2 using 'Speakers (Realtek High Definition Audio)' : 2 channels at 48 kHz using 32 bits per sample (channel mask 0x3)
[2017.09.20-11.34.34:829][  0]LogInit: FAudioDevice initialized.
[2017.09.20-11.34.34:865][  0]LogDerivedDataCache: Saved boot cache 0.04s 90MB C:/Users/swd1amt/AppData/Local/UnrealEngine/4.16/DerivedDataCache/Boot.ddc.
[2017.09.20-11.34.34:878][  0]LogInit: Texture streaming: Enabled
[2017.09.20-11.34.34:951][  0]LogEngineSessionManager: EngineSessionManager initialized
[2017.09.20-11.34.35:112][  0]LogInit: Transaction tracking system initialized
[2017.09.20-11.34.35:368][  0]BlueprintLog: New page: Editor Load
[2017.09.20-11.34.36:120][  0]LocalizationService: Info Localization service is disabled
[2017.09.20-11.34.36:695][  0]LogConsoleResponse:Display: 
[2017.09.20-11.34.36:823][  0]LogCook:Display: Max memory allowance for cook 16384mb min free memory 0mb
[2017.09.20-11.34.36:823][  0]LogCook:Display: Mobile HDR setting 1
[2017.09.20-11.34.37:602][  0]LogFileCache: Scanning file cache for directory 'C:/Temp/GitHub/House-Attack-Thing/House_Attack/Content/' took 0.01s
[2017.09.20-11.34.37:602][  0]SourceControl: Info Source control is disabled
[2017.09.20-11.34.37:602][  0]Cmd: MAP LOAD FILE="../../../../../../Temp/GitHub/House-Attack-Thing/House_Attack/Content/2DSideScrollerBP/Maps/2DSideScrollerExampleMap.umap" TEMPLATE=0 SHOWPROGRESS=1 FEATURELEVEL=3
[2017.09.20-11.34.37:602][  0]LightingResults: New page: Lighting Build
[2017.09.20-11.34.37:656][  0]MapCheck: New page: Map Check
[2017.09.20-11.34.37:656][  0]LightingResults: New page: Lighting Build
[2017.09.20-11.34.37:852][  0]LogAIModule: Creating AISystem for world 2DSideScrollerExampleMap
[2017.09.20-11.34.37:856][  0]LogEditorServer: Finished looking for orphan Actors (0.000 secs)
[2017.09.20-11.34.37:865][  0]Cmd: MAP CHECKDEP NOCLEARLOG
[2017.09.20-11.34.37:902][  0]MapCheck: Info Map check complete: 0 Error(s), 0 Warning(s), took 36.953ms to complete.
[2017.09.20-11.34.37:902][  0]LogFileHelpers: Loading map '2DSideScrollerExampleMap' took 0.300
[2017.09.20-11.34.38:125][  0]LogCollectionManager: Loaded 0 collections in 0.001145 seconds
[2017.09.20-11.34.38:237][  0]LogFileCache: Scanning file cache for directory 'C:/Temp/GitHub/House-Attack-Thing/House_Attack/Saved/Collections/' took 0.01s
[2017.09.20-11.34.38:237][  0]LogFileCache: Scanning file cache for directory 'C:/Temp/GitHub/House-Attack-Thing/House_Attack/Content/Developers/swd1amt/Collections/' took 0.01s
[2017.09.20-11.34.38:237][  0]LogFileCache: Scanning file cache for directory 'C:/Temp/GitHub/House-Attack-Thing/House_Attack/Content/Collections/' took 0.01s
[2017.09.20-11.34.38:237][  0]LogCollectionManager: Rebuilt the GUID cache for 0 collections in 0.000002 seconds
[2017.09.20-11.34.38:245][  0]LogContentBrowser: Native class hierarchy populated in 0.0080 seconds. Added 2329 classes and 491 folders.
[2017.09.20-11.34.38:298][  0]LogContentBrowser: Native class hierarchy updated for 'WidgetCarousel' in 0.0008 seconds. Added 0 classes and 0 folders.
[2017.09.20-11.34.38:338][  0]LogContentBrowser: Native class hierarchy updated for 'AddContentDialog' in 0.0006 seconds. Added 0 classes and 0 folders.
[2017.09.20-11.34.38:371][  0]LogContentBrowser: Native class hierarchy updated for 'SceneOutliner' in 0.0004 seconds. Added 1 classes and 2 folders.
[2017.09.20-11.34.38:403][  0]LogCrashTracker: Crashtracker disabled due to settings.
[2017.09.20-11.34.38:407][  0]LogSlate: Took 0.000168 seconds to synchronously load lazily loaded font '../../../Engine/Content/Slate/Fonts/Roboto-Regular.ttf' (155K)
[2017.09.20-11.34.38:410][  0]LogSlate: Took 0.000209 seconds to synchronously load lazily loaded font '../../../Engine/Content/Slate/Fonts/Roboto-Bold.ttf' (160K)
[2017.09.20-11.34.38:415][  0]LogSlate: Took 0.000249 seconds to synchronously load lazily loaded font '../../../Engine/Content/Editor/Slate/Fonts/FontAwesome.ttf' (139K)
[2017.09.20-11.34.38:496][  0]LogRenderer: Reallocating scene render targets to support 1208x576 NumSamples 1 (Frame:1).
[2017.09.20-11.34.38:648][  0]LogContentBrowser: Native class hierarchy updated for 'HierarchicalLODOutliner' in 0.0005 seconds. Added 1 classes and 2 folders.
[2017.09.20-11.34.38:648][  0]LogLoad: (Engine Initialization) Total time: 13.99 seconds
[2017.09.20-11.34.38:648][  0]LogLoad: (Engine Initialization) Total Blueprint compile time: 0.06 seconds
[2017.09.20-11.34.38:648][  0]LogExternalProfiler: Found external profiler: VSPerf
[2017.09.20-11.34.38:648][  0]LogExternalProfiler: Using external profiler: VSPerf
[2017.09.20-11.34.38:659][  0]LogWindowsTextInputMethodSystem:Display: IME system now deactivated.
[2017.09.20-11.34.38:661][  0]LogOcInput: OculusInput pre-init called
[2017.09.20-11.34.38:661][  0]LogHMD: Starting GearVRController plugin
[2017.09.20-11.34.38:672][  0]LogAssetRegistry: Asset discovery search completed in 8.3558 seconds
[2017.09.20-11.34.38:673][  0]LogCollectionManager: Rebuilt the object cache for 0 collections in 0.000001 seconds (found 0 objects)
[2017.09.20-11.34.38:673][  0]LogCollectionManager: Fixed up redirectors for 0 collections in 0.000021 seconds (updated 0 objects)
[2017.09.20-11.34.38:675][  0]LogContentStreaming: Texture pool size now 1000 MB
[2017.09.20-11.34.41:331][311]LogSlate: Took 0.000143 seconds to synchronously load lazily loaded font '../../../Engine/Content/Slate/Fonts/Roboto-Light.ttf' (159K)
[2017.09.20-11.35.15:349][ 75]LogSlate: Took 0.000486 seconds to synchronously load lazily loaded font '../../../Engine/Content/Slate/Fonts/Roboto-Light.ttf' (159K)
[2017.09.20-11.35.17:631][307]AssetReimport: New page: Outstanding source content changes 13:35:17
[2017.09.20-11.35.17:632][307]LogFactory: FactoryCreateFile: Texture with ReimportTextureFactory (0 0 C:/Temp/GitHub/House-Attack-Thing/House_Attack/Content/Assets/Ladder.png)
[2017.09.20-11.35.17:681][308]LogSlate: Took 0.000105 seconds to synchronously load lazily loaded font '../../../Engine/Content/Slate/Fonts/Roboto-Light.ttf' (159K)
[2017.09.20-11.35.17:694][308]Cmd: OBJ SAVEPACKAGE PACKAGE="/Game/Assets/Ladder" FILE="../../../../../../Temp/GitHub/House-Attack-Thing/House_Attack/Content/Assets/Ladder.uasset" SILENT=true
[2017.09.20-11.35.17:713][308]LogSavePackage: Save=17.10ms
[2017.09.20-11.35.17:713][308]LogSavePackage: Moving '../../../../../../Temp/GitHub/House-Attack-Thing/House_Attack/Saved/Ladder749376754574126753E023A0D5651368.tmp' to '../../../../../../Temp/GitHub/House-Attack-Thing/House_Attack/Content/Assets/Ladder.uasset'
[2017.09.20-11.35.17:715][308]LogSavePackage:Display: Finished SavePackage ../../../../../../Temp/GitHub/House-Attack-Thing/House_Attack/Content/Assets/Ladder.uasset
[2017.09.20-11.35.20:725][667]AssetReimport: Info Importing new asset /Game/Assets/Ladder.
[2017.09.20-11.35.21:495][755]LogContentBrowser: Native class hierarchy updated for 'TextureEditor' in 0.0004 seconds. Added 1 classes and 2 folders.
